[Setup]
Title=The Jungle Book
DefaultDir=$(ProgramFiles)\JUNGLE
Setup=PHLAUNCH.EXE
AppExe=JUNGLE.EXE
Btrieve=0

[BootStrap]
File1=1,,SETUP\PHLAUNCH.EX_,PHLAUNCH.EXE,$(WinPath),$(EXESelfRegister),,2/22/1996,333200
File2=1,,SETUP\ISWIN32.DL_,ISWIN32.DLL,$(WinSysPath),,,1/27/1996,4704
File3=1,,SETUP\VSHARE.38_,VSHARE.386,$(WinSysPath),,,8/15/1995,14933,3.11.0.401
File4=1,,SETUP\STKIT416.DL_,STKIT416.DLL,$(WinSysPath),,,8/15/1995,5120,4.0.2422.0
File5=1,,SETUP\VB40016.DL_,VB40016.DLL,$(WinSysPath),,,8/15/1995,935632,4.0.24.22
File6=1,,SETUP\OC25.DL_,OC25.DLL,$(WinSysPath),$(DLLSelfRegister),,8/15/1995,536048,2.53.0.0
File7=1,,SETUP\OLE2.DL_,OLE2.DLL,$(WinSysPath),OLE2.REG,,8/15/1995,304640,2.3.125.142
File8=1,,SETUP\TYPELIB.DL_,TYPELIB.DLL,$(WinSysPath),,,8/15/1995,177824,2.3.3025.1
File9=1,,SETUP\OLE2DISP.DL_,OLE2DISP.DLL,$(WinSysPath),,,8/15/1995,164960,2.3.3023.1
File10=1,,SETUP\OLE2PROX.DL_,OLE2PROX.DLL,$(WinSysPath),,,8/15/1995,51712,2.2.120.121
File11=1,,SETUP\OLE2CONV.DL_,OLE2CONV.DLL,$(WinSysPath),,,8/15/1995,57328,2.1.0.1
File12=1,,SETUP\STORAGE.DL_,STORAGE.DLL,$(WinSysPath),,,8/15/1995,157696,2.3.125.140
File13=1,,SETUP\COMPOBJ.DL_,COMPOBJ.DLL,$(WinSysPath),,,8/15/1995,109056,2.3.125.142
File14=1,,SETUP\OLE2.RE_,OLE2.REG,$(WinSysPath),,,8/15/1995,28113
File15=1,,SETUP\OLE2NLS.DL_,OLE2NLS.DLL,$(WinSysPath),,,8/15/1995,152976,2.3.3023.1
File16=1,,SETUP\STDOLE.TL_,STDOLE.TLB,$(WinSysPath),,,8/15/1995,5472,2.3.3023.1
File17=1,,SETUP\SCP.DL_,SCP.DLL,$(WinSysPath),,,8/15/1995,12976,2.0.260.0
File18=1,,SETUP\VAEN21.OL_,VAEN21.OLB,$(WinSysPath),,,8/15/1995,35200,2.0.0.5422
File19=1,,SETUP\CTL3DV2.DL_,CTL3DV2.DLL,$(WinSysPath),,,8/15/1995,26992,2.29.0.0

[CommonFiles]
File1=1,,SETUP\JBREAD.WR_,JBREAD.WRI,$(AppPath),,,2/28/1996,11264
File2=1,,SETUP\JUNGLE.MI_,JUNGLE.MID,$(AppPath),,,1/26/1996,10026
File3=1,,SETUP\THEME.MI_,THEME.MID,$(AppPath),,,7/14/1995,11117
File4=1,,SETUP\WING.DL_,WING.DLL,$(WinSysPath),,,9/20/1995,92208
File5=1,,SETUP\WING32.DL_,WING32.DLL,$(WinSysPath),,,9/20/1995,12800
File6=1,,SETUP\WINGDE.DL_,WINGDE.DLL,$(WinSysPath),,,8/23/1995,188960
File7=1,,SETUP\WINGDIB.DR_,WINGDIB.DRV,$(WinSysPath),,,9/20/1995,6736
File8=1,,SETUP\WINGPAL.WN_,WINGPAL.WND,$(WinSysPath),,,9/20/1995,5024
File9=1,,SETUP\IBM.BM_,IBM.BMP,$(AppPath),,,11/17/1995,308278

[App16Files]
File1=1,,SETUP\WIN16\JUNGLE.EX_,JUNGLE.EXE,$(AppPath),,,2/28/1996,2298368
File2=1,,SETUP\WIN16\JUNGLE.CT_,JUNGLE.CTX,$(AppPath),,,2/19/1996,12558
File3=1,,SETUP\WIN16\INDEO32.PA_,INDEO32.PAL,$(AppPath),,,2/1/1996,1048
File4=1,,SETUP\WIN16\WAVEMIX.DL_,WAVEMIX.DLL,$(AppPath),,,7/14/1995,26112
File5=1,,SETUP\WIN16\ICSSFBWT.EX_,ICSSFBWT.EXE,$(AppPath),,,2/28/1995,108544
File6=1,,SETUP\WIN16\ICSS_USR.PR_,ICSS_USR.PRF,$(AppPath),,,10/25/1995,50
File7=1,,SETUP\WIN16\ICSWINMM.EX_,ICSWINMM.EXE,$(AppPath),,,2/28/1995,29728
File8=1,,SETUP\WIN16\ICTHRESH.EX_,ICTHRESH.EXE,$(AppPath),,,2/28/1995,68096
File9=1,,SETUP\WIN16\ICWINSRV.EX_,ICWINSRV.EXE,$(AppPath),,,2/28/1995,179712
File10=1,,SETUP\WIN16\ICWRPCCL.EX_,ICWRPCCL.EXE,$(AppPath),,,2/28/1995,43328
File11=1,,SETUP\WIN16\ICWRPCSV.EX_,ICWRPCSV.EXE,$(AppPath),,,2/28/1995,27344
File12=1,,SETUP\WIN16\ITH16113.DL_,ITH16113.DLL,$(AppPath),,,2/28/1995,42832
File13=1,,SETUP\WIN16\ITH32113.DL_,ITH32113.DLL,$(AppPath),,,2/28/1995,55808
File14=1,,SETUP\WIN16\IVALD113.DL_,IVALD113.DLL,$(AppPath),,,2/28/1995,9728
File15=1,,SETUP\WIN16\IWAPI113.DL_,IWAPI113.DLL,$(AppPath),,,2/28/1995,32047
File16=1,,SETUP\WIN16\IWP32113.DL_,IWP32113.DLL,$(AppPath),,,2/28/1995,46080
File17=1,,SETUP\WIN16\ICSS.MS_,ICSS.MSG,$(AppPath)\Doc,,,9/29/1995,49213
File18=1,,SETUP\WIN16\MEDIUM.AV_,MEDIUM.AVE,$(AppPath)\MODEL\US_ENG\MEDIUM,,,2/28/1995,20600
File19=1,,SETUP\WIN16\MEDIUM.CP_,MEDIUM.CPD,$(AppPath)\MODEL\US_ENG\MEDIUM,,,2/28/1995,912639
File20=1,,SETUP\WIN16\MEDIUM.GP_,MEDIUM.GPH,$(AppPath)\MODEL\US_ENG\MEDIUM,,,3/24/1995,11013
File21=1,,SETUP\WIN16\MEDIUM.HM_,MEDIUM.HMM,$(AppPath)\MODEL\US_ENG\MEDIUM,,,3/23/1995,64024
File22=1,,SETUP\WIN16\MEDIUMC.CO_,MEDIUMC.COD,$(AppPath)\MODEL\US_ENG\MEDIUM,,,2/28/1995,6160
File23=1,,SETUP\WIN16\MEDIUMC.NN_,MEDIUMC.NNT,$(AppPath)\MODEL\US_ENG\MEDIUM,,,2/28/1995,51200
File24=1,,SETUP\WIN16\MEDIUMD.CO_,MEDIUMD.COD,$(AppPath)\MODEL\US_ENG\MEDIUM,,,2/28/1995,12304
File25=1,,SETUP\WIN16\MEDIUMD.NN_,MEDIUMD.NNT,$(AppPath)\MODEL\US_ENG\MEDIUM,,,2/28/1995,51200
File26=1,,SETUP\WIN16\MEDIUMP.CO_,MEDIUMP.COD,$(AppPath)\MODEL\US_ENG\MEDIUM,,,2/28/1995,1552
File27=1,,SETUP\WIN16\MEDIUMP.NN_,MEDIUMP.NNT,$(AppPath)\MODEL\US_ENG\MEDIUM,,,2/28/1995,51200
File28=1,,SETUP\WIN16\MEDIUMTP.MA_,MEDIUMTP.MAP,$(AppPath)\MODEL\US_ENG\MEDIUM,,,3/24/1995,239148
File29=1,,SETUP\WIN16\MEDIUMX.CO_,MEDIUMX.COD,$(AppPath)\MODEL\US_ENG\MEDIUM,,,2/28/1995,6160
File30=1,,SETUP\WIN16\MEDIUMX.NN_,MEDIUMX.NNT,$(AppPath)\MODEL\US_ENG\MEDIUM,,,2/28/1995,51200

[App32Files]
File1=1,,SETUP\WIN32\JUNGLE.EX_,JUNGLE.EXE,$(AppPath),,,2/28/1996,2903040
File2=1,,SETUP\WIN32\JUNGLE.CT_,JUNGLE.CTX,$(AppPath),,,2/19/1996,12558
File3=1,,SETUP\WIN16\INDEO32.PA_,INDEO32.PAL,$(AppPath),,,2/1/1996,1048
File4=1,,SETUP\WIN32\WAVMIX32.DL_,WAVMIX32.DLL,$(AppPath),,,8/22/1995,32768
File5=1,,SETUP\WIN32\THRESH32.DL_,THRESH32.DLL,$(AppPath),,,7/31/1995,70144
File6=1,,SETUP\WIN32\ICSSFBWT.EX_,ICSSFBWT.EXE,$(AppPath),,,7/31/1995,116736
File7=1,,SETUP\WIN32\ICSSVALD.DL_,ICSSVALD.DLL,$(AppPath),,,7/25/1995,10240
File8=1,,SETUP\WIN32\ICSWINMM.EX_,ICSWINMM.EXE,$(AppPath),,,7/31/1995,55296
File9=1,,SETUP\WIN32\ICTHRESH.EX_,ICTHRESH.EXE,$(AppPath),,,7/18/1995,76288
File10=1,,SETUP\WIN32\ICWAPI32.DL_,ICWAPI32.DLL,$(AppPath),,,7/28/1995,45568
File11=1,,SETUP\WIN32\ICWINSRV.EX_,ICWINSRV.EXE,$(AppPath),,,7/31/1995,153088
File12=1,,SETUP\WIN32\ICSS.MS_,ICSS.MSG,$(AppPath)\Doc,,,11/3/1995,49098
File13=1,,SETUP\WIN32\MEDIUM.AV_,MEDIUM.AVE,$(AppPath)\MODEL\US_ENG\MEDIUM,,,3/24/1995,20600
File14=1,,SETUP\WIN32\MEDIUM.CP_,MEDIUM.CPD,$(AppPath)\MODEL\US_ENG\MEDIUM,,,3/24/1995,912639
File15=1,,SETUP\WIN32\MEDIUM.GP_,MEDIUM.GPH,$(AppPath)\MODEL\US_ENG\MEDIUM,,,3/24/1995,11013
File16=1,,SETUP\WIN32\MEDIUM.HM_,MEDIUM.HMM,$(AppPath)\MODEL\US_ENG\MEDIUM,,,3/24/1995,64024
File17=1,,SETUP\WIN32\MEDIUMC.CO_,MEDIUMC.COD,$(AppPath)\MODEL\US_ENG\MEDIUM,,,3/24/1995,6160
File18=1,,SETUP\WIN32\MEDIUMC.NN_,MEDIUMC.NNT,$(AppPath)\MODEL\US_ENG\MEDIUM,,,3/24/1995,51200
File19=1,,SETUP\WIN32\MEDIUMD.CO_,MEDIUMD.COD,$(AppPath)\MODEL\US_ENG\MEDIUM,,,3/24/1995,12304
File20=1,,SETUP\WIN32\MEDIUMD.NN_,MEDIUMD.NNT,$(AppPath)\MODEL\US_ENG\MEDIUM,,,3/24/1995,51200
File21=1,,SETUP\WIN32\MEDIUMP.CO_,MEDIUMP.COD,$(AppPath)\MODEL\US_ENG\MEDIUM,,,3/24/1995,1552
File22=1,,SETUP\WIN32\MEDIUMP.NN_,MEDIUMP.NNT,$(AppPath)\MODEL\US_ENG\MEDIUM,,,3/24/1995,51200
File23=1,,SETUP\WIN32\MEDIUMTP.MA_,MEDIUMTP.MAP,$(AppPath)\MODEL\US_ENG\MEDIUM,,,3/24/1995,239148
File24=1,,SETUP\WIN32\MEDIUMX.CO_,MEDIUMX.COD,$(AppPath)\MODEL\US_ENG\MEDIUM,,,3/24/1995,6160
File25=1,,SETUP\WIN32\MEDIUMX.NN_,MEDIUMX.NNT,$(AppPath)\MODEL\US_ENG\MEDIUM,,,3/24/1995,51200

