[Setup]
Title=The Adventures of Pinocchio
DefaultDir=$(ProgramFiles)\PINOC
Setup=PHLAUNCH.EXE
AppExe=PINOC.EXE
Btrieve=0

[BootStrap]
File1=1,,SETUP\PHLAUNCH.EXE,PHLAUNCH.EXE,$(WinPath),$(EXESelfRegister),,6/6/1996,329008
File2=1,,SETUP\ISWIN32.DLL,ISWIN32.DLL,$(WinSysPath),,,1/27/1996,4704
File3=1,,SETUP\VSHARE.386,VSHARE.386,$(WinSysPath),,,8/15/1995,14933,3.11.0.401
File4=1,,SETUP\STKIT416.DLL,STKIT416.DLL,$(WinSysPath),,,8/15/1995,5120,4.0.2422.0
File5=1,,SETUP\VB40016.DLL,VB40016.DLL,$(WinSysPath),,,8/15/1995,935632,4.0.24.22
File6=1,,SETUP\OC25.DLL,OC25.DLL,$(WinSysPath),$(DLLSelfRegister),,8/15/1995,536048,2.53.0.0
File7=1,,SETUP\OLE2.DLL,OLE2.DLL,$(WinSysPath),OLE2.REG,,8/15/1995,304640,2.3.125.142
File8=1,,SETUP\TYPELIB.DLL,TYPELIB.DLL,$(WinSysPath),,,8/15/1995,177824,2.3.3025.1
File9=1,,SETUP\OLE2DISP.DLL,OLE2DISP.DLL,$(WinSysPath),,,8/15/1995,164960,2.3.3023.1
File10=1,,SETUP\OLE2PROX.DLL,OLE2PROX.DLL,$(WinSysPath),,,8/15/1995,51712,2.2.120.121
File11=1,,SETUP\OLE2CONV.DLL,OLE2CONV.DLL,$(WinSysPath),,,8/15/1995,57328,2.1.0.1
File12=1,,SETUP\STORAGE.DLL,STORAGE.DLL,$(WinSysPath),,,8/15/1995,157696,2.3.125.140
File13=1,,SETUP\COMPOBJ.DLL,COMPOBJ.DLL,$(WinSysPath),,,8/15/1995,109056,2.3.125.142
File14=1,,SETUP\OLE2.REG,OLE2.REG,$(WinSysPath),,,8/15/1995,28113
File15=1,,SETUP\OLE2NLS.DLL,OLE2NLS.DLL,$(WinSysPath),,,8/15/1995,152976,2.3.3023.1
File16=1,,SETUP\STDOLE.TLL,STDOLE.TLB,$(WinSysPath),,,8/15/1995,5472,2.3.3023.1
File17=1,,SETUP\SCP.DLL,SCP.DLL,$(WinSysPath),,,8/15/1995,12976,2.0.260.0
File18=1,,SETUP\VAEN21.OLL,VAEN21.OLB,$(WinSysPath),,,8/15/1995,35200,2.0.0.5422
File19=1,,SETUP\CTL3DV2.DLL,CTL3DV2.DLL,$(WinSysPath),,,8/15/1995,26992,2.29.0.0

[CommonFiles]
File1=1,,SETUP\PINREAD.WRI,PINREAD.WRI,$(AppPath),,,2/28/1996,11264
File2=1,,SETUP\PINOC.MID,PINOC.MID,$(AppPath),,,1/26/1996,10026
File3=1,,SETUP\THEME.MID,THEME.MID,$(AppPath),,,7/14/1995,11117
File4=1,,SETUP\WING.DLL,WING.DLL,$(WinSysPath),,,9/20/1995,92208
File5=1,,SETUP\WING32.DLL,WING32.DLL,$(WinSysPath),,,9/20/1995,12800
File6=1,,SETUP\WINGDE.DLL,WINGDE.DLL,$(WinSysPath),,,8/23/1995,188960
File7=1,,SETUP\WINGDIB.DRV,WINGDIB.DRV,$(WinSysPath),,,9/20/1995,6736
File8=1,,SETUP\WINGPAL.WND,WINGPAL.WND,$(WinSysPath),,,9/20/1995,5024
File9=1,,SETUP\IBM.BMP,IBM.BMP,$(AppPath),,,11/17/1995,308278

[App16Files]
File1=1,,SETUP\WIN16\PINOC.EXE,PINOC.EXE,$(AppPath),,,5/29/1996,1252124
File2=1,,SETUP\WIN16\PINOC.CTX,PINOC.CTX,$(AppPath),,,5/29/1996,17543
File3=1,,SETUP\WIN16\INDEO32.PAL,INDEO32.PAL,$(AppPath),,,2/1/1996,1048
File4=1,,SETUP\WIN16\WAVEMIX.DLL,WAVEMIX.DLL,$(AppPath),,,7/14/1995,26112
File5=1,,SETUP\WIN16\ICSSFBWT.EXE,ICSSFBWT.EXE,$(AppPath),,,2/28/1995,108544
File6=1,,SETUP\WIN16\ICSS_USR.PRF,ICSS_USR.PRF,$(AppPath),,,10/25/1995,50
File7=1,,SETUP\WIN16\ICSWINMM.EXE,ICSWINMM.EXE,$(AppPath),,,2/28/1995,29728
File8=1,,SETUP\WIN16\ICTHRESH.EXE,ICTHRESH.EXE,$(AppPath),,,2/28/1995,68096
File9=1,,SETUP\WIN16\ICWINSRV.EXE,ICWINSRV.EXE,$(AppPath),,,2/28/1995,179712
File10=1,,SETUP\WIN16\ICWRPCCL.EXE,ICWRPCCL.EXE,$(AppPath),,,2/28/1995,43328
File11=1,,SETUP\WIN16\ICWRPCSV.EXE,ICWRPCSV.EXE,$(AppPath),,,2/28/1995,27344
File12=1,,SETUP\WIN16\ITH16113.DLL,ITH16113.DLL,$(AppPath),,,2/28/1995,42832
File13=1,,SETUP\WIN16\ITH32113.DLL,ITH32113.DLL,$(AppPath),,,2/28/1995,55808
File14=1,,SETUP\WIN16\IVALD113.DLL,IVALD113.DLL,$(AppPath),,,2/28/1995,9728
File15=1,,SETUP\WIN16\IWAPI113.DLL,IWAPI113.DLL,$(AppPath),,,2/28/1995,32047
File16=1,,SETUP\WIN16\IWP32113.DLL,IWP32113.DLL,$(AppPath),,,2/28/1995,46080
File17=1,,SETUP\WIN16\ICSS.MSG,ICSS.MSG,$(AppPath)\Doc,,,9/29/1995,49213
File18=1,,SETUP\WIN16\MEDIUM.AVE,MEDIUM.AVE,$(AppPath)\MODEL\US_ENG\MEDIUM,,,2/28/1995,20600
File19=1,,SETUP\WIN16\MEDIUM.CPD,MEDIUM.CPD,$(AppPath)\MODEL\US_ENG\MEDIUM,,,2/28/1995,912639
File20=1,,SETUP\WIN16\MEDIUM.GPH,MEDIUM.GPH,$(AppPath)\MODEL\US_ENG\MEDIUM,,,3/24/1995,11013
File21=1,,SETUP\WIN16\MEDIUM.HMM,MEDIUM.HMM,$(AppPath)\MODEL\US_ENG\MEDIUM,,,3/23/1995,64024
File22=1,,SETUP\WIN16\MEDIUMC.COD,MEDIUMC.COD,$(AppPath)\MODEL\US_ENG\MEDIUM,,,2/28/1995,6160
File23=1,,SETUP\WIN16\MEDIUMC.NNT,MEDIUMC.NNT,$(AppPath)\MODEL\US_ENG\MEDIUM,,,2/28/1995,51200
File24=1,,SETUP\WIN16\MEDIUMD.COD,MEDIUMD.COD,$(AppPath)\MODEL\US_ENG\MEDIUM,,,2/28/1995,12304
File25=1,,SETUP\WIN16\MEDIUMD.NNT,MEDIUMD.NNT,$(AppPath)\MODEL\US_ENG\MEDIUM,,,2/28/1995,51200
File26=1,,SETUP\WIN16\MEDIUMP.COD,MEDIUMP.COD,$(AppPath)\MODEL\US_ENG\MEDIUM,,,2/28/1995,1552
File27=1,,SETUP\WIN16\MEDIUMP.NNT,MEDIUMP.NNT,$(AppPath)\MODEL\US_ENG\MEDIUM,,,2/28/1995,51200
File28=1,,SETUP\WIN16\MEDIUMTP.MAP,MEDIUMTP.MAP,$(AppPath)\MODEL\US_ENG\MEDIUM,,,3/24/1995,239148
File29=1,,SETUP\WIN16\MEDIUMX.COD,MEDIUMX.COD,$(AppPath)\MODEL\US_ENG\MEDIUM,,,2/28/1995,6160
File30=1,,SETUP\WIN16\MEDIUMX.NNT,MEDIUMX.NNT,$(AppPath)\MODEL\US_ENG\MEDIUM,,,2/28/1995,51200

[App32Files]
File1=1,,SETUP\WIN32\PINOC.EXE,PINOC.EXE,$(AppPath),,,6/5/1996,1184256
File2=1,,SETUP\WIN32\PINOC.CTX,PINOC.CTX,$(AppPath),,,6/5/1996,18644
File3=1,,SETUP\WIN16\INDEO32.PAL,INDEO32.PAL,$(AppPath),,,2/1/1996,1048
File4=1,,SETUP\WIN32\WAVMIX32.DLL,WAVMIX32.DLL,$(AppPath),,,8/22/1995,32768
File5=1,,SETUP\WIN32\THRESH32.DLL,THRESH32.DLL,$(AppPath),,,7/31/1995,70144
File6=1,,SETUP\WIN32\ICSSFBWT.EXE,ICSSFBWT.EXE,$(AppPath),,,7/31/1995,116736
File7=1,,SETUP\WIN32\ICSSVALD.DLL,ICSSVALD.DLL,$(AppPath),,,7/25/1995,10240
File8=1,,SETUP\WIN32\ICSWINMM.EXE,ICSWINMM.EXE,$(AppPath),,,7/31/1995,55296
File9=1,,SETUP\WIN32\ICTHRESH.EXE,ICTHRESH.EXE,$(AppPath),,,7/18/1995,76288
File10=1,,SETUP\WIN32\ICWAPI32.DLL,ICWAPI32.DLL,$(AppPath),,,7/28/1995,45568
File11=1,,SETUP\WIN32\ICWINSRV.EXE,ICWINSRV.EXE,$(AppPath),,,7/31/1995,153088
File12=1,,SETUP\WIN32\ICSS.MSG,ICSS.MSG,$(AppPath)\Doc,,,11/3/1995,49098
File13=1,,SETUP\WIN32\MEDIUM.AVE,MEDIUM.AVE,$(AppPath)\MODEL\US_ENG\MEDIUM,,,3/24/1995,20600
File14=1,,SETUP\WIN32\MEDIUM.CPD,MEDIUM.CPD,$(AppPath)\MODEL\US_ENG\MEDIUM,,,3/24/1995,912639
File15=1,,SETUP\WIN32\MEDIUM.GPH,MEDIUM.GPH,$(AppPath)\MODEL\US_ENG\MEDIUM,,,3/24/1995,11013
File16=1,,SETUP\WIN32\MEDIUM.HMM,MEDIUM.HMM,$(AppPath)\MODEL\US_ENG\MEDIUM,,,3/24/1995,64024
File17=1,,SETUP\WIN32\MEDIUMC.COD,MEDIUMC.COD,$(AppPath)\MODEL\US_ENG\MEDIUM,,,3/24/1995,6160
File18=1,,SETUP\WIN32\MEDIUMC.NNT,MEDIUMC.NNT,$(AppPath)\MODEL\US_ENG\MEDIUM,,,3/24/1995,51200
File19=1,,SETUP\WIN32\MEDIUMD.COD,MEDIUMD.COD,$(AppPath)\MODEL\US_ENG\MEDIUM,,,3/24/1995,12304
File20=1,,SETUP\WIN32\MEDIUMD.NNT,MEDIUMD.NNT,$(AppPath)\MODEL\US_ENG\MEDIUM,,,3/24/1995,51200
File21=1,,SETUP\WIN32\MEDIUMP.COD,MEDIUMP.COD,$(AppPath)\MODEL\US_ENG\MEDIUM,,,3/24/1995,1552
File22=1,,SETUP\WIN32\MEDIUMP.NNT,MEDIUMP.NNT,$(AppPath)\MODEL\US_ENG\MEDIUM,,,3/24/1995,51200
File23=1,,SETUP\WIN32\MEDIUMTP.MAP,MEDIUMTP.MAP,$(AppPath)\MODEL\US_ENG\MEDIUM,,,3/24/1995,239148
File24=1,,SETUP\WIN32\MEDIUMX.COD,MEDIUMX.COD,$(AppPath)\MODEL\US_ENG\MEDIUM,,,3/24/1995,6160
File25=1,,SETUP\WIN32\MEDIUMX.NNT,MEDIUMX.NNT,$(AppPath)\MODEL\US_ENG\MEDIUM,,,3/24/1995,51200

